0 info it worked if it ends with ok
1 verbose cli [ '/usr/bin/node',
1 verbose cli   '/usr/bin/npm',
1 verbose cli   'install',
1 verbose cli   '-g',
1 verbose cli   'bower-installer' ]
2 info using npm@1.4.28
3 info using node@v0.10.37
4 verbose node symlink /usr/bin/node
5 verbose cache add [ 'bower-installer', null ]
6 verbose cache add name=undefined spec="bower-installer" args=["bower-installer",null]
7 verbose parsed url { protocol: null,
7 verbose parsed url   slashes: null,
7 verbose parsed url   auth: null,
7 verbose parsed url   host: null,
7 verbose parsed url   port: null,
7 verbose parsed url   hostname: null,
7 verbose parsed url   hash: null,
7 verbose parsed url   search: null,
7 verbose parsed url   query: null,
7 verbose parsed url   pathname: 'bower-installer',
7 verbose parsed url   path: 'bower-installer',
7 verbose parsed url   href: 'bower-installer' }
8 silly lockFile e75a97de-bower-installer bower-installer
9 verbose lock bower-installer /home/chin8/.npm/e75a97de-bower-installer.lock
10 silly lockFile e75a97de-bower-installer bower-installer
11 silly lockFile e75a97de-bower-installer bower-installer
12 verbose addNamed [ 'bower-installer', '' ]
13 verbose addNamed [ null, '*' ]
14 silly lockFile 8dda27d5-bower-installer bower-installer@
15 verbose lock bower-installer@ /home/chin8/.npm/8dda27d5-bower-installer.lock
16 silly addNameRange { name: 'bower-installer', range: '*', hasData: false }
17 verbose request where is /bower-installer
18 verbose request registry https://registry.npmjs.org/
19 verbose request id 532f7867a96f3fdb
20 verbose url raw /bower-installer
21 verbose url resolving [ 'https://registry.npmjs.org/', './bower-installer' ]
22 verbose url resolved https://registry.npmjs.org/bower-installer
23 verbose request where is https://registry.npmjs.org/bower-installer
24 info trying registry request attempt 1 at 13:37:26
25 http GET https://registry.npmjs.org/bower-installer
26 http 200 https://registry.npmjs.org/bower-installer
27 silly registry.get cb [ 200,
27 silly registry.get   { server: 'CouchDB/1.5.0 (Erlang OTP/R16B03)',
27 silly registry.get     etag: '"5VL0VHMUJFESHM0FKL25QIYN4"',
27 silly registry.get     'content-type': 'application/json',
27 silly registry.get     'cache-control': 'max-age=60',
27 silly registry.get     'content-length': '44726',
27 silly registry.get     'accept-ranges': 'bytes',
27 silly registry.get     date: 'Wed, 17 Jun 2015 11:37:25 GMT',
27 silly registry.get     via: '1.1 varnish',
27 silly registry.get     age: '0',
27 silly registry.get     connection: 'keep-alive',
27 silly registry.get     'x-served-by': 'cache-fra1232-FRA',
27 silly registry.get     'x-cache': 'HIT',
27 silly registry.get     'x-cache-hits': '1',
27 silly registry.get     'x-timer': 'S1434541044.993010,VS0,VE182',
27 silly registry.get     vary: 'Accept' } ]
28 silly addNameRange number 2 { name: 'bower-installer', range: '*', hasData: true }
29 silly addNameRange versions [ 'bower-installer',
29 silly addNameRange   [ '0.0.3',
29 silly addNameRange     '0.0.4',
29 silly addNameRange     '0.0.5',
29 silly addNameRange     '0.0.6',
29 silly addNameRange     '0.0.7',
29 silly addNameRange     '0.0.8',
29 silly addNameRange     '0.0.9',
29 silly addNameRange     '0.0.10',
29 silly addNameRange     '0.0.11',
29 silly addNameRange     '0.1.0',
29 silly addNameRange     '0.1.2',
29 silly addNameRange     '0.2.0',
29 silly addNameRange     '0.2.1',
29 silly addNameRange     '0.2.2',
29 silly addNameRange     '0.3.0',
29 silly addNameRange     '0.4.0',
29 silly addNameRange     '0.4.1',
29 silly addNameRange     '0.4.2',
29 silly addNameRange     '0.4.3',
29 silly addNameRange     '0.4.4',
29 silly addNameRange     '0.4.5',
29 silly addNameRange     '0.5.0',
29 silly addNameRange     '0.6.0',
29 silly addNameRange     '0.6.1',
29 silly addNameRange     '0.6.2',
29 silly addNameRange     '0.7.0',
29 silly addNameRange     '0.7.1',
29 silly addNameRange     '0.8.0',
29 silly addNameRange     '0.8.1',
29 silly addNameRange     '0.8.2',
29 silly addNameRange     '0.8.3',
29 silly addNameRange     '0.8.4',
29 silly addNameRange     '1.0.0',
29 silly addNameRange     '1.1.0',
29 silly addNameRange     '1.2.0' ] ]
30 verbose addNamed [ 'bower-installer', '1.2.0' ]
31 verbose addNamed [ '1.2.0', '1.2.0' ]
32 silly lockFile 1db859bc-bower-installer-1-2-0 bower-installer@1.2.0
33 verbose lock bower-installer@1.2.0 /home/chin8/.npm/1db859bc-bower-installer-1-2-0.lock
34 silly lockFile 4350fa0e-taller-bower-installer-1-2-0-tgz https://registry.npmjs.org/bower-installer/-/bower-installer-1.2.0.tgz
35 verbose lock https://registry.npmjs.org/bower-installer/-/bower-installer-1.2.0.tgz /home/chin8/.npm/4350fa0e-taller-bower-installer-1-2-0-tgz.lock
36 verbose addRemoteTarball [ 'https://registry.npmjs.org/bower-installer/-/bower-installer-1.2.0.tgz',
36 verbose addRemoteTarball   'f479327b6910e22746db4fa86f61332beca72c0e' ]
37 info retry fetch attempt 1 at 13:37:27
38 verbose fetch to= /tmp/npm-12042-4E05zXov/registry.npmjs.org/bower-installer/-/bower-installer-1.2.0.tgz
39 http GET https://registry.npmjs.org/bower-installer/-/bower-installer-1.2.0.tgz
40 http 200 https://registry.npmjs.org/bower-installer/-/bower-installer-1.2.0.tgz
41 silly lockFile 4350fa0e-taller-bower-installer-1-2-0-tgz https://registry.npmjs.org/bower-installer/-/bower-installer-1.2.0.tgz
42 silly lockFile 4350fa0e-taller-bower-installer-1-2-0-tgz https://registry.npmjs.org/bower-installer/-/bower-installer-1.2.0.tgz
43 silly lockFile 1db859bc-bower-installer-1-2-0 bower-installer@1.2.0
44 silly lockFile 1db859bc-bower-installer-1-2-0 bower-installer@1.2.0
45 silly lockFile 8dda27d5-bower-installer bower-installer@
46 silly lockFile 8dda27d5-bower-installer bower-installer@
47 silly resolved [ { name: 'bower-installer',
47 silly resolved     version: '1.2.0',
47 silly resolved     preferGlobal: 'true',
47 silly resolved     description: 'Tool for installing bower dependencies that won\'t include entire repos',
47 silly resolved     main: 'bower-installer.js',
47 silly resolved     dependencies:
47 silly resolved      { 'node-fs': '~0.1.7',
47 silly resolved        bower: '~1.3.8',
47 silly resolved        colors: '~0.6.0-1',
47 silly resolved        lodash: '~0.9.1',
47 silly resolved        glob: '~3.2.7',
47 silly resolved        nopt: '~2.1.2',
47 silly resolved        async: '~0.2.9',
47 silly resolved        mkdirp: '~0.3.5' },
47 silly resolved     engines: { node: '>=0.10.0' },
47 silly resolved     devDependencies:
47 silly resolved      { grunt: '~0.4.2',
47 silly resolved        'grunt-jasmine-node': '0.2.1',
47 silly resolved        async: '~0.2.9',
47 silly resolved        rimraf: '~2.2.2' },
47 silly resolved     scripts: { test: 'grunt' },
47 silly resolved     repository:
47 silly resolved      { type: 'git',
47 silly resolved        url: 'https://github.com/blittle/bower-installer' },
47 silly resolved     keywords: [ 'bower', 'install', 'dependencies' ],
47 silly resolved     author: { name: 'Bret Little' },
47 silly resolved     license: 'BSD',
47 silly resolved     bin: { 'bower-installer': './bower-installer.js' },
47 silly resolved     bugs: { url: 'https://github.com/blittle/bower-installer/issues' },
47 silly resolved     _id: 'bower-installer@1.2.0',
47 silly resolved     dist:
47 silly resolved      { shasum: 'f479327b6910e22746db4fa86f61332beca72c0e',
47 silly resolved        tarball: 'http://registry.npmjs.org/bower-installer/-/bower-installer-1.2.0.tgz' },
47 silly resolved     _from: 'bower-installer@',
47 silly resolved     _resolved: 'https://registry.npmjs.org/bower-installer/-/bower-installer-1.2.0.tgz',
47 silly resolved     gitHead: 'b94cb69d5f5666f1da188fadf9226974baf89afa',
47 silly resolved     homepage: 'https://github.com/blittle/bower-installer',
47 silly resolved     _shasum: 'f479327b6910e22746db4fa86f61332beca72c0e',
47 silly resolved     _npmVersion: '1.4.28',
47 silly resolved     _npmUser: { name: 'blittle', email: 'bret.little@gmail.com' },
47 silly resolved     maintainers: [ [Object] ],
47 silly resolved     directories: {} } ]
48 info install bower-installer@1.2.0 into /usr/lib
49 info installOne bower-installer@1.2.0
50 verbose lib/node_modules/bower-installer unbuild
51 verbose tar unpack /home/chin8/.npm/bower-installer/1.2.0/package.tgz
52 silly lockFile 3597976a-lib-node-modules-bower-installer tar:///usr/lib/node_modules/bower-installer
53 verbose lock tar:///usr/lib/node_modules/bower-installer /home/chin8/.npm/3597976a-lib-node-modules-bower-installer.lock
54 silly lockFile de2470eb-ower-installer-1-2-0-package-tgz tar:///home/chin8/.npm/bower-installer/1.2.0/package.tgz
55 verbose lock tar:///home/chin8/.npm/bower-installer/1.2.0/package.tgz /home/chin8/.npm/de2470eb-ower-installer-1-2-0-package-tgz.lock
56 silly gunzTarPerm modes [ '775', '664' ]
57 error Error: EACCES, mkdir '/usr/lib/node_modules/bower-installer'
57 error  { [Error: EACCES, mkdir '/usr/lib/node_modules/bower-installer']
57 error   errno: 3,
57 error   code: 'EACCES',
57 error   path: '/usr/lib/node_modules/bower-installer',
57 error   fstream_type: 'Directory',
57 error   fstream_path: '/usr/lib/node_modules/bower-installer',
57 error   fstream_class: 'DirWriter',
57 error   fstream_stack:
57 error    [ '/usr/lib/node_modules/npm/node_modules/fstream/lib/dir-writer.js:36:23',
57 error      '/usr/lib/node_modules/npm/node_modules/mkdirp/index.js:46:53',
57 error      'Object.oncomplete (fs.js:108:15)' ] }
58 error Please try running this command again as root/Administrator.
59 error System Linux 3.13.0-52-generic
60 error command "/usr/bin/node" "/usr/bin/npm" "install" "-g" "bower-installer"
61 error cwd /home/chin8/Documents/work/InfanziaDigitales/code/sco-infanziaDigialates-parents-mobile/it.smartcommunitylab.infanziadigitales.diario.parents
62 error node -v v0.10.37
63 error npm -v 1.4.28
64 error path /usr/lib/node_modules/bower-installer
65 error fstream_path /usr/lib/node_modules/bower-installer
66 error fstream_type Directory
67 error fstream_class DirWriter
68 error code EACCES
69 error errno 3
70 error stack Error: EACCES, mkdir '/usr/lib/node_modules/bower-installer'
71 error fstream_stack /usr/lib/node_modules/npm/node_modules/fstream/lib/dir-writer.js:36:23
71 error fstream_stack /usr/lib/node_modules/npm/node_modules/mkdirp/index.js:46:53
71 error fstream_stack Object.oncomplete (fs.js:108:15)
72 verbose exit [ 3, true ]
